<?xml version='1.0' encoding='UTF-8'?>
<testsuite hostname="MacBook-Pro-de-Ivan.local" name="com.wesovi.demo.route.AccountCreationRouteSpec" tests="1" errors="0" failures="1" time="0.182">
                     <properties>
[...]
</properties>
                     <testcase classname="com.wesovi.demo.route.AccountCreationRouteSpec" name="The EndPoint  should::return badrequest when creating  an account but email is empty" time="0.182">
                                                 <failure message="'201 Created' is not equal to '400 Bad Request'" type="java.lang.Exception">java.lang.Exception: '201 Created' is not equal to '400 Bad Request'
	at com.wesovi.demo.route.AccountCreationRouteSpec$$anonfun$before$1$$anonfun$apply$1$$anonfun$apply$2.apply(AccountCreationRouteSpec.scala:51)
	at com.wesovi.demo.route.AccountCreationRouteSpec$$anonfun$before$1$$anonfun$apply$1$$anonfun$apply$2.apply(AccountCreationRouteSpec.scala:50)
	at spray.testkit.RouteTest$$anonfun$check$1.apply(RouteTest.scala:55)
	at spray.testkit.RouteTest$$anonfun$check$1.apply(RouteTest.scala:55)
	at spray.testkit.RouteResultComponent$RouteResult.$tilde$greater(RouteResultComponent.scala:113)
	at com.wesovi.demo.route.AccountCreationRouteSpec$$anonfun$before$1$$anonfun$apply$1.apply(AccountCreationRouteSpec.scala:50)
	at com.wesovi.demo.route.AccountCreationRouteSpec$$anonfun$before$1$$anonfun$apply$1.apply(AccountCreationRouteSpec.scala:47)
</failure>
                                               </testcase>
                     <system-out></system-out>
                     <system-err></system-err>
                   </testsuite>